### SYSTEM         = Linux ubuntu 6.2.0-dirty #6 SMP PREEMPT_DYNAMIC Fri Oct 13 07:35:41 UTC 2023 x86_64 x86_64 x86_64 GNU/Linux
### DISK_SIZE      = 10G
### DURATION       = 10s
### DIRECTIO       = bufferedio,directio
### MEDIA_TYPES    = ssd,hdd,nvme,mem
### FS_TYPES       = tmpfs,ext4,ext4_no_jnl,xfs,btrfs,f2fs
### BENCH_TYPES    = DWAL,DWOL,DWOM,DWSL,MWRL,MWRM,MWCL,MWCM,MWUM,MWUL,DWTL,filebench_varmail,filebench_oltp,filebench_fileserver,dbench_client,MRPL,MRPM,MRPH,MRDM,MRDL,DRBH,DRBM,DRBL
### NCORES         = 1,2,4,9,18,27,36
### CORE_SEQ       = 0,1,2,3,4,5,6,7,8,9,10,11,12,13,14,15,16,17,18,19,20,21,22,23,24,25,26,27,28,29,30,31,32,33,34,35


### MODEL_NAME     = Intel(R) Xeon(R) CPU E5-2699 v3 @ 2.30GHz
### PHYSICAL_CHIPS = 2
### CORE_PER_CHIP  = 18
### SMT_LEVEL      = 1


## mem:ext4:DRBH:36:bufferedio
# ncpu secs works works/sec real.sec user.sec nice.sec sys.sec idle.sec iowait.sec irq.sec softirq.sec steal.sec guest.sec user.util nice.util sys.util idle.util iowait.util irq.util softirq.util steal.util guest.util

36 10.000272 397578893.000000 39756807.473094 10.0718 182.14 0 175.09 2.1 0 0 0 3.14 0 50.2497 0 48.3047 0.579358 0 0 0 0.866279 0

## mem:ext4:DRBH:27:bufferedio
# ncpu secs works works/sec real.sec user.sec nice.sec sys.sec idle.sec iowait.sec irq.sec softirq.sec steal.sec guest.sec user.util nice.util sys.util idle.util iowait.util irq.util softirq.util steal.util guest.util

27 10.000084 335586933.000000 33558412.900817 10.082 126.02 0 144.5 1.68 0 0 0 0 0 46.2968 0 53.086 0.617193 0 0 0 0 0

## mem:ext4:DRBH:18:bufferedio
# ncpu secs works works/sec real.sec user.sec nice.sec sys.sec idle.sec iowait.sec irq.sec softirq.sec steal.sec guest.sec user.util nice.util sys.util idle.util iowait.util irq.util softirq.util steal.util guest.util

18 10.000139 223590338.000000 22358723.137964 10.0787 83.49 0 96.88 1.05 0.01 0 0 0.01 0 46.0152 0 53.3951 0.578704 0.00551146 0 0 0.00551146 0

## mem:ext4:DRBH:9:bufferedio
# ncpu secs works works/sec real.sec user.sec nice.sec sys.sec idle.sec iowait.sec irq.sec softirq.sec steal.sec guest.sec user.util nice.util sys.util idle.util iowait.util irq.util softirq.util steal.util guest.util

9 10.000054 128285450.000000 12828475.156080 10.0791 42.29 0 47.93 0.49 0 0 0 0 0 46.6211 0 52.8387 0.540183 0 0 0 0 0

## mem:ext4:DRBH:4:bufferedio
# ncpu secs works works/sec real.sec user.sec nice.sec sys.sec idle.sec iowait.sec irq.sec softirq.sec steal.sec guest.sec user.util nice.util sys.util idle.util iowait.util irq.util softirq.util steal.util guest.util

4 10.000038 62479630.000000 6247939.414029 10.1159 19.07 0 21.1 0.29 0.01 0 0 0 0 47.1213 0 52.1374 0.71658 0.0247097 0 0 0 0

## mem:ext4:DRBH:2:bufferedio
# ncpu secs works works/sec real.sec user.sec nice.sec sys.sec idle.sec iowait.sec irq.sec softirq.sec steal.sec guest.sec user.util nice.util sys.util idle.util iowait.util irq.util softirq.util steal.util guest.util

2 10.000013 31177666.000000 3117762.391021 10.0727 9.21 0 10.88 0.05 0 0 0 0 0 45.7299 0 54.0218 0.248262 0 0 0 0 0

## mem:ext4:DRBH:1:bufferedio
# ncpu secs works works/sec real.sec user.sec nice.sec sys.sec idle.sec iowait.sec irq.sec softirq.sec steal.sec guest.sec user.util nice.util sys.util idle.util iowait.util irq.util softirq.util steal.util guest.util

1 9.999997 15474888.000000 1547489.264247 10.0687 4.65 0 5.42 0 0 0 0 0 0 46.1768 0 53.8232 0 0 0 0 0 0

### NUM_TEST_CONF  = 7
