### SYSTEM         = Linux ubuntu 6.2.0-dirty #2 SMP PREEMPT_DYNAMIC Fri Oct 13 06:42:10 UTC 2023 x86_64 x86_64 x86_64 GNU/Linux
### DISK_SIZE      = 10G
### DURATION       = 10s
### DIRECTIO       = bufferedio,directio
### MEDIA_TYPES    = ssd,hdd,nvme,mem
### FS_TYPES       = PayGo,PayGo+group(s=16),PayGo+group(s=8),PayGo+group(s=4),PayGo+group(s=2)
### BENCH_TYPES    = DWAL,DWOL,DWOM,DWSL,MWRL,MWRM,MWCL,MWCM,MWUM,MWUL,DWTL,filebench_varmail,filebench_oltp,filebench_fileserver,dbench_client,MRPL,MRPM,MRPH,MRDM,MRDL,DRBH,DRBM,DRBL
### NCORES         = 1,2,4,9,18,27,36
### CORE_SEQ       = 0,1,2,3,4,5,6,7,8,9,10,11,12,13,14,15,16,17,18,19,20,21,22,23,24,25,26,27,28,29,30,31,32,33,34,35


### MODEL_NAME     = Intel(R) Xeon(R) CPU E5-2699 v3 @ 2.30GHz
### PHYSICAL_CHIPS = 2
### CORE_PER_CHIP  = 18
### SMT_LEVEL      = 1


## mem:PayGo:DRBH:36:bufferedio
# ncpu secs works works/sec real.sec user.sec nice.sec sys.sec idle.sec iowait.sec irq.sec softirq.sec steal.sec guest.sec user.util nice.util sys.util idle.util iowait.util irq.util softirq.util steal.util guest.util

36 9.999877 390565343.000000 39057016.328677 10.0566 190.75 0 169.53 1.68 0 0 0 0.05 0 52.6919 0 46.8302 0.464076 0 0 0 0.0138118 0

## mem:PayGo:DRBH:27:bufferedio
# ncpu secs works works/sec real.sec user.sec nice.sec sys.sec idle.sec iowait.sec irq.sec softirq.sec steal.sec guest.sec user.util nice.util sys.util idle.util iowait.util irq.util softirq.util steal.util guest.util

27 9.999928 322725681.000000 32272799.029806 10.0647 128.41 0 142.11 1.25 0 0 0 0 0 47.2495 0 52.2905 0.459948 0 0 0 0 0

## mem:PayGo:DRBH:18:bufferedio
# ncpu secs works works/sec real.sec user.sec nice.sec sys.sec idle.sec iowait.sec irq.sec softirq.sec steal.sec guest.sec user.util nice.util sys.util idle.util iowait.util irq.util softirq.util steal.util guest.util

18 9.999997 229101009.000000 22910108.536703 10.068 84.43 0 95.94 0.88 0 0 0 0.01 0 46.5795 0 52.9295 0.48549 0 0 0 0.00551694 0

## mem:PayGo:DRBH:9:bufferedio
# ncpu secs works works/sec real.sec user.sec nice.sec sys.sec idle.sec iowait.sec irq.sec softirq.sec steal.sec guest.sec user.util nice.util sys.util idle.util iowait.util irq.util softirq.util steal.util guest.util

9 9.999985 127222029.000000 12722222.266049 10.0689 41.99 0 48.22 0.42 0 0 0 0 0 46.3312 0 53.2053 0.463423 0 0 0 0 0

## mem:PayGo:DRBH:4:bufferedio
# ncpu secs works works/sec real.sec user.sec nice.sec sys.sec idle.sec iowait.sec irq.sec softirq.sec steal.sec guest.sec user.util nice.util sys.util idle.util iowait.util irq.util softirq.util steal.util guest.util

4 9.999999 62728509.000000 6272851.684106 10.064 18.79 0 21.32 0.14 0 0 0 0 0 46.6832 0 52.9689 0.347826 0 0 0 0 0

## mem:PayGo:DRBH:2:bufferedio
# ncpu secs works works/sec real.sec user.sec nice.sec sys.sec idle.sec iowait.sec irq.sec softirq.sec steal.sec guest.sec user.util nice.util sys.util idle.util iowait.util irq.util softirq.util steal.util guest.util

2 10.000006 31700412.000000 3170039.297976 10.0611 8.83 0 11.25 0.04 0 0 0 0 0 43.8867 0 55.9145 0.198807 0 0 0 0 0

## mem:PayGo:DRBH:1:bufferedio
# ncpu secs works works/sec real.sec user.sec nice.sec sys.sec idle.sec iowait.sec irq.sec softirq.sec steal.sec guest.sec user.util nice.util sys.util idle.util iowait.util irq.util softirq.util steal.util guest.util

1 10.000011 15715472.000000 1571545.471300 10.0716 4.89 0 5.18 0 0 0 0 0 0 48.5601 0 51.4399 0 0 0 0 0 0

## mem:PayGo+group(s=16):DRBH:36:bufferedio
# ncpu secs works works/sec real.sec user.sec nice.sec sys.sec idle.sec iowait.sec irq.sec softirq.sec steal.sec guest.sec user.util nice.util sys.util idle.util iowait.util irq.util softirq.util steal.util guest.util

36 10.000219 392616354.000000 39260775.916181 10.0724 190.97 0 169.36 2.14 0 0 0 0.08 0 52.6741 0 46.7136 0.590263 0 0 0 0.0220659 0

## mem:PayGo+group(s=16):DRBH:27:bufferedio
# ncpu secs works works/sec real.sec user.sec nice.sec sys.sec idle.sec iowait.sec irq.sec softirq.sec steal.sec guest.sec user.util nice.util sys.util idle.util iowait.util irq.util softirq.util steal.util guest.util

27 9.999922 336964129.000000 33696676.982106 10.0648 126.33 0 144.13 1.25 0 0 0 0 0 46.4944 0 53.0455 0.460049 0 0 0 0 0

## mem:PayGo+group(s=16):DRBH:18:bufferedio
# ncpu secs works works/sec real.sec user.sec nice.sec sys.sec idle.sec iowait.sec irq.sec softirq.sec steal.sec guest.sec user.util nice.util sys.util idle.util iowait.util irq.util softirq.util steal.util guest.util

18 10.000070 228741682.000000 22874006.938251 10.0613 84.12 0 96.11 0.85 0.01 0 0 0.01 0 46.4495 0 53.0701 0.469354 0.00552181 0 0 0.00552181 0

## mem:PayGo+group(s=16):DRBH:9:bufferedio
# ncpu secs works works/sec real.sec user.sec nice.sec sys.sec idle.sec iowait.sec irq.sec softirq.sec steal.sec guest.sec user.util nice.util sys.util idle.util iowait.util irq.util softirq.util steal.util guest.util

9 10.000062 124127606.000000 12412683.779279 10.0671 42.27 0 47.94 0.39 0 0 0 0 0 46.6556 0 52.9139 0.430464 0 0 0 0 0

## mem:PayGo+group(s=16):DRBH:4:bufferedio
# ncpu secs works works/sec real.sec user.sec nice.sec sys.sec idle.sec iowait.sec irq.sec softirq.sec steal.sec guest.sec user.util nice.util sys.util idle.util iowait.util irq.util softirq.util steal.util guest.util

4 10.000006 57981779.000000 5798174.566050 10.0696 18.33 0 21.81 0.15 0 0 0 0 0 45.4952 0 54.1325 0.372301 0 0 0 0 0

## mem:PayGo+group(s=16):DRBH:2:bufferedio
# ncpu secs works works/sec real.sec user.sec nice.sec sys.sec idle.sec iowait.sec irq.sec softirq.sec steal.sec guest.sec user.util nice.util sys.util idle.util iowait.util irq.util softirq.util steal.util guest.util

2 10.000033 31052188.000000 3105208.552812 10.0757 9.4 0 10.69 0.05 0 0 0 0 0 46.6733 0 53.0785 0.248262 0 0 0 0 0

## mem:PayGo+group(s=16):DRBH:1:bufferedio
# ncpu secs works works/sec real.sec user.sec nice.sec sys.sec idle.sec iowait.sec irq.sec softirq.sec steal.sec guest.sec user.util nice.util sys.util idle.util iowait.util irq.util softirq.util steal.util guest.util

1 10.000779 15894088.000000 1589284.994699 10.094 4.62 0 5.46 0 0 0 0 0 0 45.8333 0 54.1667 0 0 0 0 0 0

## mem:PayGo+group(s=8):DRBH:36:bufferedio
# ncpu secs works works/sec real.sec user.sec nice.sec sys.sec idle.sec iowait.sec irq.sec softirq.sec steal.sec guest.sec user.util nice.util sys.util idle.util iowait.util irq.util softirq.util steal.util guest.util

36 10.000125 398696046.000000 39869105.793188 10.0601 185.06 0 175.32 1.77 0 0 0 0.03 0 51.0961 0 48.4069 0.488707 0 0 0 0.00828317 0

## mem:PayGo+group(s=8):DRBH:27:bufferedio
# ncpu secs works works/sec real.sec user.sec nice.sec sys.sec idle.sec iowait.sec irq.sec softirq.sec steal.sec guest.sec user.util nice.util sys.util idle.util iowait.util irq.util softirq.util steal.util guest.util

27 10.000219 334023731.000000 33401640.614392 10.0801 127.31 0 143.16 1.59 0 0 0 0.03 0 46.7897 0 52.6149 0.584365 0 0 0 0.0110258 0

## mem:PayGo+group(s=8):DRBH:18:bufferedio
# ncpu secs works works/sec real.sec user.sec nice.sec sys.sec idle.sec iowait.sec irq.sec softirq.sec steal.sec guest.sec user.util nice.util sys.util idle.util iowait.util irq.util softirq.util steal.util guest.util

18 9.999985 219198374.000000 21919870.279805 10.0667 82.49 0 97.88 0.83 0 0 0 0 0 45.5243 0 54.0177 0.458057 0 0 0 0 0

## mem:PayGo+group(s=8):DRBH:9:bufferedio
# ncpu secs works works/sec real.sec user.sec nice.sec sys.sec idle.sec iowait.sec irq.sec softirq.sec steal.sec guest.sec user.util nice.util sys.util idle.util iowait.util irq.util softirq.util steal.util guest.util

9 9.999997 112070817.000000 11207084.688556 10.0699 42.35 0 47.88 0.4 0 0 0 0 0 46.7285 0 52.8302 0.441355 0 0 0 0 0

## mem:PayGo+group(s=8):DRBH:4:bufferedio
# ncpu secs works works/sec real.sec user.sec nice.sec sys.sec idle.sec iowait.sec irq.sec softirq.sec steal.sec guest.sec user.util nice.util sys.util idle.util iowait.util irq.util softirq.util steal.util guest.util

4 10.000149 57186866.000000 5718601.392839 10.1037 18.15 0 21.99 0.25 0 0 0 0 0 44.9369 0 54.4442 0.618965 0 0 0 0 0

## mem:PayGo+group(s=8):DRBH:2:bufferedio
# ncpu secs works works/sec real.sec user.sec nice.sec sys.sec idle.sec iowait.sec irq.sec softirq.sec steal.sec guest.sec user.util nice.util sys.util idle.util iowait.util irq.util softirq.util steal.util guest.util

2 10.000013 31027310.000000 3102726.811319 10.0648 9.36 0 10.72 0.05 0 0 0 0 0 46.4978 0 53.2538 0.248385 0 0 0 0 0

## mem:PayGo+group(s=8):DRBH:1:bufferedio
# ncpu secs works works/sec real.sec user.sec nice.sec sys.sec idle.sec iowait.sec irq.sec softirq.sec steal.sec guest.sec user.util nice.util sys.util idle.util iowait.util irq.util softirq.util steal.util guest.util

1 10.000015 15552137.000000 1555211.367183 10.0772 4.85 0 5.22 0 0 0 0 0.01 0 48.1151 0 51.7857 0 0 0 0 0.0992063 0

## mem:PayGo+group(s=4):DRBH:36:bufferedio
# ncpu secs works works/sec real.sec user.sec nice.sec sys.sec idle.sec iowait.sec irq.sec softirq.sec steal.sec guest.sec user.util nice.util sys.util idle.util iowait.util irq.util softirq.util steal.util guest.util

36 10.000176 401619256.000000 40161217.312309 10.0775 184.9 0 175.46 2.36 0 0 0 0.03 0 50.9717 0 48.3694 0.650586 0 0 0 0.00827016 0

## mem:PayGo+group(s=4):DRBH:27:bufferedio
# ncpu secs works works/sec real.sec user.sec nice.sec sys.sec idle.sec iowait.sec irq.sec softirq.sec steal.sec guest.sec user.util nice.util sys.util idle.util iowait.util irq.util softirq.util steal.util guest.util

27 10.000110 337487067.000000 33748335.843287 10.0771 125.92 0 144.59 1.55 0.01 0 0 0.01 0 46.2805 0 53.1425 0.569685 0.00367539 0 0 0.00367539 0

## mem:PayGo+group(s=4):DRBH:18:bufferedio
# ncpu secs works works/sec real.sec user.sec nice.sec sys.sec idle.sec iowait.sec irq.sec softirq.sec steal.sec guest.sec user.util nice.util sys.util idle.util iowait.util irq.util softirq.util steal.util guest.util

18 9.999974 220976343.000000 22097691.017407 10.065 82.29 0 98.05 0.82 0 0 0 0 0 45.4239 0 54.1234 0.452639 0 0 0 0 0

## mem:PayGo+group(s=4):DRBH:9:bufferedio
# ncpu secs works works/sec real.sec user.sec nice.sec sys.sec idle.sec iowait.sec irq.sec softirq.sec steal.sec guest.sec user.util nice.util sys.util idle.util iowait.util irq.util softirq.util steal.util guest.util

9 9.999989 128539833.000000 12853997.867864 10.0646 42.11 0 48.1 0.38 0 0 0 0.01 0 46.479 0 53.0905 0.419426 0 0 0 0.0110375 0

## mem:PayGo+group(s=4):DRBH:4:bufferedio
# ncpu secs works works/sec real.sec user.sec nice.sec sys.sec idle.sec iowait.sec irq.sec softirq.sec steal.sec guest.sec user.util nice.util sys.util idle.util iowait.util irq.util softirq.util steal.util guest.util

4 10.000016 59506361.000000 5950626.578997 10.066 19.04 0 21.08 0.15 0 0 0 0 0 47.2809 0 52.3467 0.372486 0 0 0 0 0

## mem:PayGo+group(s=4):DRBH:2:bufferedio
# ncpu secs works works/sec real.sec user.sec nice.sec sys.sec idle.sec iowait.sec irq.sec softirq.sec steal.sec guest.sec user.util nice.util sys.util idle.util iowait.util irq.util softirq.util steal.util guest.util

2 10.001511 31495064.000000 3149030.581479 10.0917 9.58 0 10.53 0.08 0 0 0.01 0 0 47.4257 0 52.1287 0.39604 0 0 0.049505 0 0

## mem:PayGo+group(s=4):DRBH:1:bufferedio
# ncpu secs works works/sec real.sec user.sec nice.sec sys.sec idle.sec iowait.sec irq.sec softirq.sec steal.sec guest.sec user.util nice.util sys.util idle.util iowait.util irq.util softirq.util steal.util guest.util

1 9.999991 15572271.000000 1557228.501506 10.066 4.75 0 5.32 0 0 0 0 0 0 47.1698 0 52.8302 0 0 0 0 0 0

## mem:PayGo+group(s=2):DRBH:36:bufferedio
# ncpu secs works works/sec real.sec user.sec nice.sec sys.sec idle.sec iowait.sec irq.sec softirq.sec steal.sec guest.sec user.util nice.util sys.util idle.util iowait.util irq.util softirq.util steal.util guest.util

36 10.000272 397578893.000000 39756807.473094 10.0718 182.14 0 175.09 2.1 0 0 0 3.14 0 50.2497 0 48.3047 0.579358 0 0 0 0.866279 0

## mem:PayGo+group(s=2):DRBH:27:bufferedio
# ncpu secs works works/sec real.sec user.sec nice.sec sys.sec idle.sec iowait.sec irq.sec softirq.sec steal.sec guest.sec user.util nice.util sys.util idle.util iowait.util irq.util softirq.util steal.util guest.util

27 10.000084 335586933.000000 33558412.900817 10.082 126.02 0 144.5 1.68 0 0 0 0 0 46.2968 0 53.086 0.617193 0 0 0 0 0

## mem:PayGo+group(s=2):DRBH:18:bufferedio
# ncpu secs works works/sec real.sec user.sec nice.sec sys.sec idle.sec iowait.sec irq.sec softirq.sec steal.sec guest.sec user.util nice.util sys.util idle.util iowait.util irq.util softirq.util steal.util guest.util

18 10.000139 223590338.000000 22358723.137964 10.0787 83.49 0 96.88 1.05 0.01 0 0 0.01 0 46.0152 0 53.3951 0.578704 0.00551146 0 0 0.00551146 0

## mem:PayGo+group(s=2):DRBH:9:bufferedio
# ncpu secs works works/sec real.sec user.sec nice.sec sys.sec idle.sec iowait.sec irq.sec softirq.sec steal.sec guest.sec user.util nice.util sys.util idle.util iowait.util irq.util softirq.util steal.util guest.util

9 10.000054 128285450.000000 12828475.156080 10.0791 42.29 0 47.93 0.49 0 0 0 0 0 46.6211 0 52.8387 0.540183 0 0 0 0 0

## mem:PayGo+group(s=2):DRBH:4:bufferedio
# ncpu secs works works/sec real.sec user.sec nice.sec sys.sec idle.sec iowait.sec irq.sec softirq.sec steal.sec guest.sec user.util nice.util sys.util idle.util iowait.util irq.util softirq.util steal.util guest.util

4 10.000038 62479630.000000 6247939.414029 10.1159 19.07 0 21.1 0.29 0.01 0 0 0 0 47.1213 0 52.1374 0.71658 0.0247097 0 0 0 0

## mem:PayGo+group(s=2):DRBH:2:bufferedio
# ncpu secs works works/sec real.sec user.sec nice.sec sys.sec idle.sec iowait.sec irq.sec softirq.sec steal.sec guest.sec user.util nice.util sys.util idle.util iowait.util irq.util softirq.util steal.util guest.util

2 10.000013 31177666.000000 3117762.391021 10.0727 9.21 0 10.88 0.05 0 0 0 0 0 45.7299 0 54.0218 0.248262 0 0 0 0 0

## mem:PayGo+group(s=2):DRBH:1:bufferedio
# ncpu secs works works/sec real.sec user.sec nice.sec sys.sec idle.sec iowait.sec irq.sec softirq.sec steal.sec guest.sec user.util nice.util sys.util idle.util iowait.util irq.util softirq.util steal.util guest.util

1 9.999997 15474888.000000 1547489.264247 10.0687 4.65 0 5.42 0 0 0 0 0 0 46.1768 0 53.8232 0 0 0 0 0 0


### NUM_TEST_CONF  = 7
