### SYSTEM         = Linux ubuntu 6.2.0-dirty #9 SMP PREEMPT_DYNAMIC Fri Oct 13 07:50:29 UTC 2023 x86_64 x86_64 x86_64 GNU/Linux
### DISK_SIZE      = 10G
### DURATION       = 10s
### DIRECTIO       = bufferedio,directio
### MEDIA_TYPES    = ssd,hdd,nvme,mem
### FS_TYPES       = tmpfs,ext4,ext4_no_jnl,xfs,btrfs,f2fs
### BENCH_TYPES    = DWAL,DWOL,DWOM,DWSL,MWRL,MWRM,MWCL,MWCM,MWUM,MWUL,DWTL,filebench_varmail,filebench_oltp,filebench_fileserver,dbench_client,MRPL,MRPM,MRPH,MRDM,MRDL,DRBH,DRBM,DRBL
### NCORES         = 1,2,4,9,18,27,36
### CORE_SEQ       = 0,1,2,3,4,5,6,7,8,9,10,11,12,13,14,15,16,17,18,19,20,21,22,23,24,25,26,27,28,29,30,31,32,33,34,35


### MODEL_NAME     = Intel(R) Xeon(R) CPU E5-2699 v3 @ 2.30GHz
### PHYSICAL_CHIPS = 2
### CORE_PER_CHIP  = 18
### SMT_LEVEL      = 1


## mem:ext4:DRBH:36:bufferedio
# ncpu secs works works/sec real.sec user.sec nice.sec sys.sec idle.sec iowait.sec irq.sec softirq.sec steal.sec guest.sec user.util nice.util sys.util idle.util iowait.util irq.util softirq.util steal.util guest.util

36 10.000219 392616354.000000 39260775.916181 10.0724 190.97 0 169.36 2.14 0 0 0 0.08 0 52.6741 0 46.7136 0.590263 0 0 0 0.0220659 0

## mem:ext4:DRBH:27:bufferedio
# ncpu secs works works/sec real.sec user.sec nice.sec sys.sec idle.sec iowait.sec irq.sec softirq.sec steal.sec guest.sec user.util nice.util sys.util idle.util iowait.util irq.util softirq.util steal.util guest.util

27 9.999922 336964129.000000 33696676.982106 10.0648 126.33 0 144.13 1.25 0 0 0 0 0 46.4944 0 53.0455 0.460049 0 0 0 0 0

## mem:ext4:DRBH:18:bufferedio
# ncpu secs works works/sec real.sec user.sec nice.sec sys.sec idle.sec iowait.sec irq.sec softirq.sec steal.sec guest.sec user.util nice.util sys.util idle.util iowait.util irq.util softirq.util steal.util guest.util

18 10.000070 228741682.000000 22874006.938251 10.0613 84.12 0 96.11 0.85 0.01 0 0 0.01 0 46.4495 0 53.0701 0.469354 0.00552181 0 0 0.00552181 0

## mem:ext4:DRBH:9:bufferedio
# ncpu secs works works/sec real.sec user.sec nice.sec sys.sec idle.sec iowait.sec irq.sec softirq.sec steal.sec guest.sec user.util nice.util sys.util idle.util iowait.util irq.util softirq.util steal.util guest.util

9 10.000062 124127606.000000 12412683.779279 10.0671 42.27 0 47.94 0.39 0 0 0 0 0 46.6556 0 52.9139 0.430464 0 0 0 0 0

## mem:ext4:DRBH:4:bufferedio
# ncpu secs works works/sec real.sec user.sec nice.sec sys.sec idle.sec iowait.sec irq.sec softirq.sec steal.sec guest.sec user.util nice.util sys.util idle.util iowait.util irq.util softirq.util steal.util guest.util

4 10.000006 57981779.000000 5798174.566050 10.0696 18.33 0 21.81 0.15 0 0 0 0 0 45.4952 0 54.1325 0.372301 0 0 0 0 0

## mem:ext4:DRBH:2:bufferedio
# ncpu secs works works/sec real.sec user.sec nice.sec sys.sec idle.sec iowait.sec irq.sec softirq.sec steal.sec guest.sec user.util nice.util sys.util idle.util iowait.util irq.util softirq.util steal.util guest.util

2 10.000033 31052188.000000 3105208.552812 10.0757 9.4 0 10.69 0.05 0 0 0 0 0 46.6733 0 53.0785 0.248262 0 0 0 0 0

## mem:ext4:DRBH:1:bufferedio
# ncpu secs works works/sec real.sec user.sec nice.sec sys.sec idle.sec iowait.sec irq.sec softirq.sec steal.sec guest.sec user.util nice.util sys.util idle.util iowait.util irq.util softirq.util steal.util guest.util

1 10.000779 15894088.000000 1589284.994699 10.094 4.62 0 5.46 0 0 0 0 0 0 45.8333 0 54.1667 0 0 0 0 0 0

### NUM_TEST_CONF  = 7
