### SYSTEM         = Linux ubuntu 6.2.0-dirty #8 SMP PREEMPT_DYNAMIC Fri Oct 13 07:45:48 UTC 2023 x86_64 x86_64 x86_64 GNU/Linux
### DISK_SIZE      = 10G
### DURATION       = 10s
### DIRECTIO       = bufferedio,directio
### MEDIA_TYPES    = ssd,hdd,nvme,mem
### FS_TYPES       = tmpfs,ext4,ext4_no_jnl,xfs,btrfs,f2fs
### BENCH_TYPES    = DWAL,DWOL,DWOM,DWSL,MWRL,MWRM,MWCL,MWCM,MWUM,MWUL,DWTL,filebench_varmail,filebench_oltp,filebench_fileserver,dbench_client,MRPL,MRPM,MRPH,MRDM,MRDL,DRBH,DRBM,DRBL
### NCORES         = 1,2,4,9,18,27,36
### CORE_SEQ       = 0,1,2,3,4,5,6,7,8,9,10,11,12,13,14,15,16,17,18,19,20,21,22,23,24,25,26,27,28,29,30,31,32,33,34,35


### MODEL_NAME     = Intel(R) Xeon(R) CPU E5-2699 v3 @ 2.30GHz
### PHYSICAL_CHIPS = 2
### CORE_PER_CHIP  = 18
### SMT_LEVEL      = 1


## mem:ext4:DRBH:36:bufferedio
# ncpu secs works works/sec real.sec user.sec nice.sec sys.sec idle.sec iowait.sec irq.sec softirq.sec steal.sec guest.sec user.util nice.util sys.util idle.util iowait.util irq.util softirq.util steal.util guest.util

36 10.000125 398696046.000000 39869105.793188 10.0601 185.06 0 175.32 1.77 0 0 0 0.03 0 51.0961 0 48.4069 0.488707 0 0 0 0.00828317 0

## mem:ext4:DRBH:27:bufferedio
# ncpu secs works works/sec real.sec user.sec nice.sec sys.sec idle.sec iowait.sec irq.sec softirq.sec steal.sec guest.sec user.util nice.util sys.util idle.util iowait.util irq.util softirq.util steal.util guest.util

27 10.000219 334023731.000000 33401640.614392 10.0801 127.31 0 143.16 1.59 0 0 0 0.03 0 46.7897 0 52.6149 0.584365 0 0 0 0.0110258 0

## mem:ext4:DRBH:18:bufferedio
# ncpu secs works works/sec real.sec user.sec nice.sec sys.sec idle.sec iowait.sec irq.sec softirq.sec steal.sec guest.sec user.util nice.util sys.util idle.util iowait.util irq.util softirq.util steal.util guest.util

18 9.999985 219198374.000000 21919870.279805 10.0667 82.49 0 97.88 0.83 0 0 0 0 0 45.5243 0 54.0177 0.458057 0 0 0 0 0

## mem:ext4:DRBH:9:bufferedio
# ncpu secs works works/sec real.sec user.sec nice.sec sys.sec idle.sec iowait.sec irq.sec softirq.sec steal.sec guest.sec user.util nice.util sys.util idle.util iowait.util irq.util softirq.util steal.util guest.util

9 9.999997 112070817.000000 11207084.688556 10.0699 42.35 0 47.88 0.4 0 0 0 0 0 46.7285 0 52.8302 0.441355 0 0 0 0 0

## mem:ext4:DRBH:4:bufferedio
# ncpu secs works works/sec real.sec user.sec nice.sec sys.sec idle.sec iowait.sec irq.sec softirq.sec steal.sec guest.sec user.util nice.util sys.util idle.util iowait.util irq.util softirq.util steal.util guest.util

4 10.000149 57186866.000000 5718601.392839 10.1037 18.15 0 21.99 0.25 0 0 0 0 0 44.9369 0 54.4442 0.618965 0 0 0 0 0

## mem:ext4:DRBH:2:bufferedio
# ncpu secs works works/sec real.sec user.sec nice.sec sys.sec idle.sec iowait.sec irq.sec softirq.sec steal.sec guest.sec user.util nice.util sys.util idle.util iowait.util irq.util softirq.util steal.util guest.util

2 10.000013 31027310.000000 3102726.811319 10.0648 9.36 0 10.72 0.05 0 0 0 0 0 46.4978 0 53.2538 0.248385 0 0 0 0 0

## mem:ext4:DRBH:1:bufferedio
# ncpu secs works works/sec real.sec user.sec nice.sec sys.sec idle.sec iowait.sec irq.sec softirq.sec steal.sec guest.sec user.util nice.util sys.util idle.util iowait.util irq.util softirq.util steal.util guest.util

1 10.000015 15552137.000000 1555211.367183 10.0772 4.85 0 5.22 0 0 0 0 0.01 0 48.1151 0 51.7857 0 0 0 0 0.0992063 0

### NUM_TEST_CONF  = 7
